I, [2015-03-10T14:11:58.827989 #90712]  INFO -- : Started GET "/proteins/top" for 127.0.0.1 at 2015-03-10 14:11:58 +0900
I, [2015-03-10T14:11:58.848968 #90712]  INFO -- : Processing by ProteinsController#top as HTML
I, [2015-03-10T14:11:58.853817 #90712]  INFO -- :   Rendered proteins/top.html.erb within layouts/toph (2.9ms)
I, [2015-03-10T14:11:58.877537 #90712]  INFO -- :   Rendered layouts/_menu.html.erb (3.0ms)
I, [2015-03-10T14:11:58.879173 #90712]  INFO -- :   Rendered layouts/_foot.html.erb (0.7ms)
I, [2015-03-10T14:11:58.879464 #90712]  INFO -- : Completed 200 OK in 30ms (Views: 29.9ms | ActiveRecord: 0.0ms)
I, [2016-06-23T12:39:40.927260 #21413]  INFO -- : Started GET "/proteins/top" for 127.0.0.1 at 2016-06-23 12:39:40 +0900
I, [2016-06-23T12:39:41.014930 #21413]  INFO -- : Processing by ProteinsController#top as HTML
I, [2016-06-23T12:39:41.043439 #21413]  INFO -- :   Rendered proteins/top.html.erb within layouts/toph (6.5ms)
I, [2016-06-23T12:39:41.068003 #21413]  INFO -- :   Rendered layouts/_menu.html.erb (3.9ms)
I, [2016-06-23T12:39:41.069548 #21413]  INFO -- :   Rendered layouts/_foot.html.erb (0.6ms)
I, [2016-06-23T12:39:41.069945 #21413]  INFO -- : Completed 200 OK in 55ms (Views: 54.4ms | ActiveRecord: 0.0ms)
I, [2016-06-23T14:55:24.280359 #21413]  INFO -- : Started GET "/proteins/list_protein?material_id=3" for 127.0.0.1 at 2016-06-23 14:55:24 +0900
I, [2016-06-23T14:55:24.306955 #21413]  INFO -- : Processing by ProteinsController#list_protein as HTML
I, [2016-06-23T14:55:24.307072 #21413]  INFO -- :   Parameters: {"material_id"=>"3"}
I, [2016-06-23T14:55:25.704384 #21413]  INFO -- :   Rendered proteins/list_protein.html.erb within layouts/proteins (1232.8ms)
I, [2016-06-23T14:55:25.708718 #21413]  INFO -- :   Rendered layouts/_menu.html.erb (2.9ms)
I, [2016-06-23T14:55:25.710721 #21413]  INFO -- :   Rendered layouts/_foot.html.erb (0.1ms)
I, [2016-06-23T14:55:25.710993 #21413]  INFO -- : Completed 200 OK in 1404ms (Views: 987.4ms | ActiveRecord: 357.3ms)
I, [2016-06-23T14:55:25.742605 #21413]  INFO -- : Started GET "/proteins/list_protein?material_id=3" for 127.0.0.1 at 2016-06-23 14:55:25 +0900
I, [2016-06-23T14:55:25.744119 #21413]  INFO -- : Processing by ProteinsController#list_protein as HTML
I, [2016-06-23T14:55:25.744215 #21413]  INFO -- :   Parameters: {"material_id"=>"3"}
I, [2016-06-23T14:55:26.562385 #21413]  INFO -- :   Rendered proteins/list_protein.html.erb within layouts/proteins (815.7ms)
I, [2016-06-23T14:55:26.566022 #21413]  INFO -- :   Rendered layouts/_menu.html.erb (3.0ms)
I, [2016-06-23T14:55:26.566476 #21413]  INFO -- :   Rendered layouts/_foot.html.erb (0.1ms)
I, [2016-06-23T14:55:26.566729 #21413]  INFO -- : Completed 200 OK in 822ms (Views: 747.7ms | ActiveRecord: 73.0ms)
I, [2016-06-23T14:55:26.998682 #21413]  INFO -- : Started GET "/images/sorter/sort.gif" for 127.0.0.1 at 2016-06-23 14:55:26 +0900
F, [2016-06-23T14:55:27.000807 #21413] FATAL -- : 
ActionController::RoutingError (No route matches [GET] "/images/sorter/sort.gif"):
  actionpack (4.0.1) lib/action_dispatch/middleware/debug_exceptions.rb:21:in `call'
  actionpack (4.0.1) lib/action_dispatch/middleware/show_exceptions.rb:30:in `call'
  railties (4.0.1) lib/rails/rack/logger.rb:38:in `call_app'
  railties (4.0.1) lib/rails/rack/logger.rb:20:in `block in call'
  activesupport (4.0.1) lib/active_support/tagged_logging.rb:67:in `block in tagged'
  activesupport (4.0.1) lib/active_support/tagged_logging.rb:25:in `tagged'
  activesupport (4.0.1) lib/active_support/tagged_logging.rb:67:in `tagged'
  railties (4.0.1) lib/rails/rack/logger.rb:20:in `call'
  actionpack (4.0.1) lib/action_dispatch/middleware/request_id.rb:21:in `call'
  rack (1.5.2) lib/rack/methodoverride.rb:21:in `call'
  rack (1.5.2) lib/rack/runtime.rb:17:in `call'
  activesupport (4.0.1) lib/active_support/cache/strategy/local_cache.rb:83:in `call'
  actionpack (4.0.1) lib/action_dispatch/middleware/static.rb:64:in `call'
  rack (1.5.2) lib/rack/sendfile.rb:112:in `call'
  railties (4.0.1) lib/rails/engine.rb:511:in `call'
  railties (4.0.1) lib/rails/application.rb:97:in `call'
  rack (1.5.2) lib/rack/lock.rb:17:in `call'
  rack (1.5.2) lib/rack/content_length.rb:14:in `call'
  rack (1.5.2) lib/rack/handler/webrick.rb:60:in `service'
  /usr/local/var/rbenv/versions/2.0.0-p247/lib/ruby/2.0.0/webrick/httpserver.rb:138:in `service'
  /usr/local/var/rbenv/versions/2.0.0-p247/lib/ruby/2.0.0/webrick/httpserver.rb:94:in `run'
  /usr/local/var/rbenv/versions/2.0.0-p247/lib/ruby/2.0.0/webrick/server.rb:295:in `block in start_thread'


I, [2016-06-23T14:55:29.263135 #21413]  INFO -- : Started GET "/proteins/getchart?gene_id_str=&main_gene_id=AT1G01790&material_id=3&mode=1" for 127.0.0.1 at 2016-06-23 14:55:29 +0900
I, [2016-06-23T14:55:29.264593 #21413]  INFO -- : Processing by ProteinsController#getchart as HTML
I, [2016-06-23T14:55:29.264707 #21413]  INFO -- :   Parameters: {"gene_id_str"=>"", "main_gene_id"=>"AT1G01790", "material_id"=>"3", "mode"=>"1"}
I, [2016-06-23T14:55:29.407363 #21413]  INFO -- :   Rendered proteins/getchartslist.html.erb within layouts/proteins (78.7ms)
I, [2016-06-23T14:55:29.410998 #21413]  INFO -- :   Rendered layouts/_menu.html.erb (2.9ms)
I, [2016-06-23T14:55:29.411326 #21413]  INFO -- :   Rendered layouts/_foot.html.erb (0.1ms)
I, [2016-06-23T14:55:29.411602 #21413]  INFO -- : Completed 200 OK in 147ms (Views: 84.9ms | ActiveRecord: 43.9ms)
